<?xml version="1.0" encoding="UTF-8" standalone="no"?>
<!DOCTYPE log SYSTEM "logger.dtd">
<log>
<record>
  <date>2023-10-04T18:32:31.755285Z</date>
  <millis>1696444351755</millis>
  <nanos>285000</nanos>
  <sequence>18</sequence>
  <logger>ApplicationContext</logger>
  <level>INFO</level>
  <class>util.ApplicationContext</class>
  <method>getPersonService</method>
  <thread>1</thread>
  <message>getPersonService called in application context</message>
</record>
<record>
  <date>2023-10-04T18:32:31.767284700Z</date>
  <millis>1696444351767</millis>
  <nanos>284700</nanos>
  <sequence>20</sequence>
  <logger>ApplicationContext</logger>
  <level>INFO</level>
  <class>util.ApplicationContext</class>
  <method>getPersonService</method>
  <thread>1</thread>
  <message>getPersonService called in application context</message>
</record>
</log>
